This file contains any messages produced by compilers while
running configure, to aid debugging if configure makes a mistake.

It was created by can-utils configure trunk, which was
generated by GNU Autoconf 2.69.  Invocation command line was

  $ ./configure 

## --------- ##
## Platform. ##
## --------- ##

hostname = raspberrypi
uname -m = armv7l
uname -r = 4.1.13-v7+
uname -s = Linux
uname -v = #826 SMP PREEMPT Fri Nov 13 20:19:03 GMT 2015

/usr/bin/uname -p = unknown
/bin/uname -X     = unknown

/bin/arch              = unknown
/usr/bin/arch -k       = unknown
/usr/convex/getsysinfo = unknown
/usr/bin/hostinfo      = unknown
/bin/machine           = unknown
/usr/bin/oslevel       = unknown
/bin/universe          = unknown

PATH: /usr/local/sbin
PATH: /usr/local/bin
PATH: /usr/sbin
PATH: /usr/bin
PATH: /sbin
PATH: /bin
PATH: /usr/local/games
PATH: /usr/games


## ----------- ##
## Core tests. ##
## ----------- ##

configure:2402: checking build system type
configure:2416: result: armv7l-unknown-linux-gnueabihf
configure:2436: checking host system type
configure:2449: result: armv7l-unknown-linux-gnueabihf
configure:2525: checking for gcc
configure:2541: found /usr/bin/gcc
configure:2552: result: gcc
configure:2781: checking for C compiler version
configure:2790: gcc --version >&5
gcc (Raspbian 4.9.2-10) 4.9.2
Copyright (C) 2014 Free Software Foundation, Inc.
This is free software; see the source for copying conditions.  There is NO
warranty; not even for MERCHANTABILITY or FITNESS FOR A PARTICULAR PURPOSE.

configure:2801: $? = 0
configure:2790: gcc -v >&5
Using built-in specs.
COLLECT_GCC=gcc
COLLECT_LTO_WRAPPER=/usr/lib/gcc/arm-linux-gnueabihf/4.9/lto-wrapper
Target: arm-linux-gnueabihf
Configured with: ../src/configure -v --with-pkgversion='Raspbian 4.9.2-10' --with-bugurl=file:///usr/share/doc/gcc-4.9/README.Bugs --enable-languages=c,c++,java,go,d,fortran,objc,obj-c++ --prefix=/usr --program-suffix=-4.9 --enable-shared --enable-linker-build-id --libexecdir=/usr/lib --without-included-gettext --enable-threads=posix --with-gxx-include-dir=/usr/include/c++/4.9 --libdir=/usr/lib --enable-nls --with-sysroot=/ --enable-clocale=gnu --enable-libstdcxx-debug --enable-libstdcxx-time=yes --enable-gnu-unique-object --disable-libitm --disable-libquadmath --enable-plugin --with-system-zlib --disable-browser-plugin --enable-java-awt=gtk --enable-gtk-cairo --with-java-home=/usr/lib/jvm/java-1.5.0-gcj-4.9-armhf/jre --enable-java-home --with-jvm-root-dir=/usr/lib/jvm/java-1.5.0-gcj-4.9-armhf --with-jvm-jar-dir=/usr/lib/jvm-exports/java-1.5.0-gcj-4.9-armhf --with-arch-directory=arm --with-ecj-jar=/usr/share/java/eclipse-ecj.jar --enable-objc-gc --enable-multiarch --disable-sjlj-exceptions --with-arch=armv6 --with-fpu=vfp --with-float=hard --enable-checking=release --build=arm-linux-gnueabihf --host=arm-linux-gnueabihf --target=arm-linux-gnueabihf
Thread model: posix
gcc version 4.9.2 (Raspbian 4.9.2-10) 
configure:2801: $? = 0
configure:2790: gcc -V >&5
gcc: error: unrecognized command line option '-V'
gcc: fatal error: no input files
compilation terminated.
configure:2801: $? = 4
configure:2790: gcc -qversion >&5
gcc: error: unrecognized command line option '-qversion'
gcc: fatal error: no input files
compilation terminated.
configure:2801: $? = 4
configure:2821: checking whether the C compiler works
configure:2843: gcc  -Wall   conftest.c  >&5
configure:2847: $? = 0
configure:2895: result: yes
configure:2898: checking for C compiler default output file name
configure:2900: result: a.out
configure:2906: checking for suffix of executables
configure:2913: gcc -o conftest  -Wall   conftest.c  >&5
configure:2917: $? = 0
configure:2939: result: 
configure:2961: checking whether we are cross compiling
configure:2969: gcc -o conftest  -Wall   conftest.c  >&5
configure:2973: $? = 0
configure:2980: ./conftest
configure:2984: $? = 0
configure:2999: result: no
configure:3004: checking for suffix of object files
configure:3026: gcc -c  -Wall  conftest.c >&5
configure:3030: $? = 0
configure:3051: result: o
configure:3055: checking whether we are using the GNU C compiler
configure:3074: gcc -c  -Wall  conftest.c >&5
configure:3074: $? = 0
configure:3083: result: yes
configure:3092: checking whether gcc accepts -g
configure:3112: gcc -c -g  conftest.c >&5
configure:3112: $? = 0
configure:3153: result: yes
configure:3170: checking for gcc option to accept ISO C89
configure:3233: gcc  -c  -Wall  conftest.c >&5
configure:3233: $? = 0
configure:3246: result: none needed
configure:3274: checking whether gcc understands -c and -o together
configure:3296: gcc -c conftest.c -o conftest2.o
configure:3299: $? = 0
configure:3296: gcc -c conftest.c -o conftest2.o
configure:3299: $? = 0
configure:3311: result: yes
configure:3680: checking how to print strings
configure:3707: result: printf
configure:3728: checking for a sed that does not truncate output
configure:3792: result: /bin/sed
configure:3810: checking for grep that handles long lines and -e
configure:3868: result: /bin/grep
configure:3873: checking for egrep
configure:3935: result: /bin/grep -E
configure:3940: checking for fgrep
configure:4002: result: /bin/grep -F
configure:4037: checking for ld used by gcc
configure:4104: result: /usr/bin/ld
configure:4111: checking if the linker (/usr/bin/ld) is GNU ld
configure:4126: result: yes
configure:4138: checking for BSD- or MS-compatible name lister (nm)
configure:4187: result: /usr/bin/nm -B
configure:4317: checking the name lister (/usr/bin/nm -B) interface
configure:4324: gcc -c  -Wall  conftest.c >&5
configure:4327: /usr/bin/nm -B "conftest.o"
configure:4330: output
00000000 B some_variable
configure:4337: result: BSD nm
configure:4340: checking whether ln -s works
configure:4344: result: yes
configure:4352: checking the maximum length of command line arguments
configure:4483: result: 1572864
configure:4500: checking whether the shell understands some XSI constructs
configure:4510: result: yes
configure:4514: checking whether the shell understands "+="
configure:4520: result: yes
configure:4555: checking how to convert armv7l-unknown-linux-gnueabihf file names to armv7l-unknown-linux-gnueabihf format
configure:4595: result: func_convert_file_noop
configure:4602: checking how to convert armv7l-unknown-linux-gnueabihf file names to toolchain format
configure:4622: result: func_convert_file_noop
configure:4629: checking for /usr/bin/ld option to reload object files
configure:4636: result: -r
configure:4710: checking for objdump
configure:4737: result: objdump
configure:4766: checking how to recognize dependent libraries
configure:4964: result: pass_all
configure:5049: checking for dlltool
configure:5076: result: dlltool
configure:5106: checking how to associate runtime and link libraries
configure:5133: result: printf %s\n
configure:5194: checking for ar
configure:5210: found /usr/bin/ar
configure:5221: result: ar
configure:5258: checking for archiver @FILE support
configure:5275: gcc -c  -Wall  conftest.c >&5
configure:5275: $? = 0
configure:5278: ar cru libconftest.a @conftest.lst >&5
configure:5281: $? = 0
configure:5286: ar cru libconftest.a @conftest.lst >&5
ar: conftest.o: No such file or directory
configure:5289: $? = 1
configure:5301: result: @
configure:5359: checking for strip
configure:5375: found /usr/bin/strip
configure:5386: result: strip
configure:5458: checking for ranlib
configure:5474: found /usr/bin/ranlib
configure:5485: result: ranlib
configure:5562: checking for gawk
configure:5592: result: no
configure:5562: checking for mawk
configure:5578: found /usr/bin/mawk
configure:5589: result: mawk
configure:5629: checking command to parse /usr/bin/nm -B output from gcc object
configure:5749: gcc -c  -Wall  conftest.c >&5
configure:5752: $? = 0
configure:5756: /usr/bin/nm -B conftest.o \| sed -n -e 's/^.*[ ]\([ABCDGIRSTW][ABCDGIRSTW]*\)[ ][ ]*\([_A-Za-z][_A-Za-z0-9]*\)$/\1 \2 \2/p' | sed '/ __gnu_lto/d' \> conftest.nm
configure:5759: $? = 0
configure:5825: gcc -o conftest  -Wall   conftest.c conftstm.o >&5
configure:5828: $? = 0
configure:5866: result: ok
configure:5903: checking for sysroot
configure:5933: result: no
configure:6202: checking for mt
configure:6218: found /bin/mt
configure:6229: result: mt
configure:6252: checking if mt is a manifest tool
configure:6258: mt '-?'
configure:6266: result: no
configure:6908: checking how to run the C preprocessor
configure:6939: gcc -E  conftest.c
configure:6939: $? = 0
configure:6953: gcc -E  conftest.c
conftest.c:9:28: fatal error: ac_nonexistent.h: No such file or directory
 #include <ac_nonexistent.h>
                            ^
compilation terminated.
configure:6953: $? = 1
configure: failed program was:
| /* confdefs.h */
| #define PACKAGE_NAME "can-utils"
| #define PACKAGE_TARNAME "can-utils"
| #define PACKAGE_VERSION "trunk"
| #define PACKAGE_STRING "can-utils trunk"
| #define PACKAGE_BUGREPORT "socketcan-core@lists.berlios.de"
| #define PACKAGE_URL ""
| /* end confdefs.h.  */
| #include <ac_nonexistent.h>
configure:6978: result: gcc -E
configure:6998: gcc -E  conftest.c
configure:6998: $? = 0
configure:7012: gcc -E  conftest.c
conftest.c:9:28: fatal error: ac_nonexistent.h: No such file or directory
 #include <ac_nonexistent.h>
                            ^
compilation terminated.
configure:7012: $? = 1
configure: failed program was:
| /* confdefs.h */
| #define PACKAGE_NAME "can-utils"
| #define PACKAGE_TARNAME "can-utils"
| #define PACKAGE_VERSION "trunk"
| #define PACKAGE_STRING "can-utils trunk"
| #define PACKAGE_BUGREPORT "socketcan-core@lists.berlios.de"
| #define PACKAGE_URL ""
| /* end confdefs.h.  */
| #include <ac_nonexistent.h>
configure:7041: checking for ANSI C header files
configure:7061: gcc -c  -Wall  conftest.c >&5
configure:7061: $? = 0
configure:7134: gcc -o conftest  -Wall   conftest.c  >&5
configure:7134: $? = 0
configure:7134: ./conftest
configure:7134: $? = 0
configure:7145: result: yes
configure:7158: checking for sys/types.h
configure:7158: gcc -c  -Wall  conftest.c >&5
configure:7158: $? = 0
configure:7158: result: yes
configure:7158: checking for sys/stat.h
configure:7158: gcc -c  -Wall  conftest.c >&5
configure:7158: $? = 0
configure:7158: result: yes
configure:7158: checking for stdlib.h
configure:7158: gcc -c  -Wall  conftest.c >&5
configure:7158: $? = 0
configure:7158: result: yes
configure:7158: checking for string.h
configure:7158: gcc -c  -Wall  conftest.c >&5
configure:7158: $? = 0
configure:7158: result: yes
configure:7158: checking for memory.h
configure:7158: gcc -c  -Wall  conftest.c >&5
configure:7158: $? = 0
configure:7158: result: yes
configure:7158: checking for strings.h
configure:7158: gcc -c  -Wall  conftest.c >&5
configure:7158: $? = 0
configure:7158: result: yes
configure:7158: checking for inttypes.h
configure:7158: gcc -c  -Wall  conftest.c >&5
configure:7158: $? = 0
configure:7158: result: yes
configure:7158: checking for stdint.h
configure:7158: gcc -c  -Wall  conftest.c >&5
configure:7158: $? = 0
configure:7158: result: yes
configure:7158: checking for unistd.h
configure:7158: gcc -c  -Wall  conftest.c >&5
configure:7158: $? = 0
configure:7158: result: yes
configure:7172: checking for dlfcn.h
configure:7172: gcc -c  -Wall  conftest.c >&5
configure:7172: $? = 0
configure:7172: result: yes
configure:7376: checking for objdir
configure:7391: result: .libs
configure:7662: checking if gcc supports -fno-rtti -fno-exceptions
configure:7680: gcc -c  -Wall  -fno-rtti -fno-exceptions conftest.c >&5
cc1: warning: command line option '-fno-rtti' is valid for C++/ObjC++ but not for C
configure:7684: $? = 0
configure:7697: result: no
configure:8024: checking for gcc option to produce PIC
configure:8031: result: -fPIC -DPIC
configure:8039: checking if gcc PIC flag -fPIC -DPIC works
configure:8057: gcc -c  -Wall  -fPIC -DPIC -DPIC conftest.c >&5
configure:8061: $? = 0
configure:8074: result: yes
configure:8103: checking if gcc static flag -static works
configure:8131: result: yes
configure:8146: checking if gcc supports -c -o file.o
configure:8167: gcc -c  -Wall  -o out/conftest2.o conftest.c >&5
configure:8171: $? = 0
configure:8193: result: yes
configure:8201: checking if gcc supports -c -o file.o
configure:8248: result: yes
configure:8281: checking whether the gcc linker (/usr/bin/ld) supports shared libraries
configure:9438: result: yes
configure:9475: checking whether -lc should be explicitly linked in
configure:9483: gcc -c  -Wall  conftest.c >&5
configure:9486: $? = 0
configure:9501: gcc -shared  -fPIC -DPIC conftest.o  -v -Wl,-soname -Wl,conftest -o conftest 2\>\&1 \| /bin/grep  -lc  \>/dev/null 2\>\&1
configure:9504: $? = 0
configure:9518: result: no
configure:9678: checking dynamic linker characteristics
configure:10178: gcc -o conftest  -Wall   -Wl,-rpath -Wl,/foo conftest.c  >&5
configure:10178: $? = 0
configure:10412: result: GNU/Linux ld.so
configure:10519: checking how to hardcode library paths into programs
configure:10544: result: immediate
configure:11084: checking whether stripping libraries is possible
configure:11089: result: yes
configure:11124: checking if libtool supports shared libraries
configure:11126: result: yes
configure:11129: checking whether to build shared libraries
configure:11150: result: yes
configure:11153: checking whether to build static libraries
configure:11157: result: yes
configure:11213: checking for a BSD-compatible install
configure:11281: result: /usr/bin/install -c
configure:11292: checking whether build environment is sane
configure:11347: result: yes
configure:11495: checking for a thread-safe mkdir -p
configure:11534: result: /bin/mkdir -p
configure:11537: checking whether make sets $(MAKE)
configure:11559: result: yes
configure:11589: checking for style of include used by make
configure:11617: result: GNU
configure:11651: checking whether make supports nested variables
configure:11668: result: yes
configure:11753: checking dependency style of gcc
configure:11864: result: gcc3
configure:11946: checking fcntl.h usability
configure:11946: gcc -c  -Wall  conftest.c >&5
configure:11946: $? = 0
configure:11946: result: yes
configure:11946: checking fcntl.h presence
configure:11946: gcc -E  conftest.c
configure:11946: $? = 0
configure:11946: result: yes
configure:11946: checking for fcntl.h
configure:11946: result: yes
configure:11946: checking limits.h usability
configure:11946: gcc -c  -Wall  conftest.c >&5
configure:11946: $? = 0
configure:11946: result: yes
configure:11946: checking limits.h presence
configure:11946: gcc -E  conftest.c
configure:11946: $? = 0
configure:11946: result: yes
configure:11946: checking for limits.h
configure:11946: result: yes
configure:11946: checking locale.h usability
configure:11946: gcc -c  -Wall  conftest.c >&5
configure:11946: $? = 0
configure:11946: result: yes
configure:11946: checking locale.h presence
configure:11946: gcc -E  conftest.c
configure:11946: $? = 0
configure:11946: result: yes
configure:11946: checking for locale.h
configure:11946: result: yes
configure:11946: checking for stdint.h
configure:11946: result: yes
configure:11946: checking for stdlib.h
configure:11946: result: yes
configure:11946: checking for string.h
configure:11946: result: yes
configure:11946: checking syslog.h usability
configure:11946: gcc -c  -Wall  conftest.c >&5
configure:11946: $? = 0
configure:11946: result: yes
configure:11946: checking syslog.h presence
configure:11946: gcc -E  conftest.c
configure:11946: $? = 0
configure:11946: result: yes
configure:11946: checking for syslog.h
configure:11946: result: yes
configure:11946: checking termios.h usability
configure:11946: gcc -c  -Wall  conftest.c >&5
configure:11946: $? = 0
configure:11946: result: yes
configure:11946: checking termios.h presence
configure:11946: gcc -E  conftest.c
configure:11946: $? = 0
configure:11946: result: yes
configure:11946: checking for termios.h
configure:11946: result: yes
configure:11946: checking for unistd.h
configure:11946: result: yes
configure:11946: checking netinet/in.h usability
configure:11946: gcc -c  -Wall  conftest.c >&5
configure:11946: $? = 0
configure:11946: result: yes
configure:11946: checking netinet/in.h presence
configure:11946: gcc -E  conftest.c
configure:11946: $? = 0
configure:11946: result: yes
configure:11946: checking for netinet/in.h
configure:11946: result: yes
configure:11946: checking sys/ioctl.h usability
configure:11946: gcc -c  -Wall  conftest.c >&5
configure:11946: $? = 0
configure:11946: result: yes
configure:11946: checking sys/ioctl.h presence
configure:11946: gcc -E  conftest.c
configure:11946: $? = 0
configure:11946: result: yes
configure:11946: checking for sys/ioctl.h
configure:11946: result: yes
configure:11946: checking sys/socket.h usability
configure:11946: gcc -c  -Wall  conftest.c >&5
configure:11946: $? = 0
configure:11946: result: yes
configure:11946: checking sys/socket.h presence
configure:11946: gcc -E  conftest.c
configure:11946: $? = 0
configure:11946: result: yes
configure:11946: checking for sys/socket.h
configure:11946: result: yes
configure:11946: checking sys/time.h usability
configure:11946: gcc -c  -Wall  conftest.c >&5
configure:11946: $? = 0
configure:11946: result: yes
configure:11946: checking sys/time.h presence
configure:11946: gcc -E  conftest.c
configure:11946: $? = 0
configure:11946: result: yes
configure:11946: checking for sys/time.h
configure:11946: result: yes
configure:11961: checking for inline
configure:11977: gcc -c  -Wall  conftest.c >&5
configure:11977: $? = 0
configure:11985: result: inline
configure:12003: checking for pid_t
configure:12003: gcc -c  -Wall  conftest.c >&5
configure:12003: $? = 0
configure:12003: gcc -c  -Wall  conftest.c >&5
conftest.c: In function 'main':
conftest.c:72:20: error: expected expression before ')' token
 if (sizeof ((pid_t)))
                    ^
configure:12003: $? = 1
configure: failed program was:
| /* confdefs.h */
| #define PACKAGE_NAME "can-utils"
| #define PACKAGE_TARNAME "can-utils"
| #define PACKAGE_VERSION "trunk"
| #define PACKAGE_STRING "can-utils trunk"
| #define PACKAGE_BUGREPORT "socketcan-core@lists.berlios.de"
| #define PACKAGE_URL ""
| #define STDC_HEADERS 1
| #define HAVE_SYS_TYPES_H 1
| #define HAVE_SYS_STAT_H 1
| #define HAVE_STDLIB_H 1
| #define HAVE_STRING_H 1
| #define HAVE_MEMORY_H 1
| #define HAVE_STRINGS_H 1
| #define HAVE_INTTYPES_H 1
| #define HAVE_STDINT_H 1
| #define HAVE_UNISTD_H 1
| #define HAVE_DLFCN_H 1
| #define LT_OBJDIR ".libs/"
| #define PACKAGE "can-utils"
| #define VERSION "trunk"
| #define HAVE_FCNTL_H 1
| #define HAVE_LIMITS_H 1
| #define HAVE_LOCALE_H 1
| #define HAVE_STDINT_H 1
| #define HAVE_STDLIB_H 1
| #define HAVE_STRING_H 1
| #define HAVE_SYSLOG_H 1
| #define HAVE_TERMIOS_H 1
| #define HAVE_UNISTD_H 1
| #define HAVE_NETINET_IN_H 1
| #define HAVE_SYS_IOCTL_H 1
| #define HAVE_SYS_SOCKET_H 1
| #define HAVE_SYS_TIME_H 1
| /* end confdefs.h.  */
| #include <stdio.h>
| #ifdef HAVE_SYS_TYPES_H
| # include <sys/types.h>
| #endif
| #ifdef HAVE_SYS_STAT_H
| # include <sys/stat.h>
| #endif
| #ifdef STDC_HEADERS
| # include <stdlib.h>
| # include <stddef.h>
| #else
| # ifdef HAVE_STDLIB_H
| #  include <stdlib.h>
| # endif
| #endif
| #ifdef HAVE_STRING_H
| # if !defined STDC_HEADERS && defined HAVE_MEMORY_H
| #  include <memory.h>
| # endif
| # include <string.h>
| #endif
| #ifdef HAVE_STRINGS_H
| # include <strings.h>
| #endif
| #ifdef HAVE_INTTYPES_H
| # include <inttypes.h>
| #endif
| #ifdef HAVE_STDINT_H
| # include <stdint.h>
| #endif
| #ifdef HAVE_UNISTD_H
| # include <unistd.h>
| #endif
| int
| main ()
| {
| if (sizeof ((pid_t)))
| 	    return 0;
|   ;
|   return 0;
| }
configure:12003: result: yes
configure:12014: checking for uint64_t
configure:12014: gcc -c  -Wall  conftest.c >&5
configure:12014: $? = 0
configure:12014: result: yes
configure:12035: checking vfork.h usability
configure:12035: gcc -c  -Wall  conftest.c >&5
conftest.c:69:19: fatal error: vfork.h: No such file or directory
 #include <vfork.h>
                   ^
compilation terminated.
configure:12035: $? = 1
configure: failed program was:
| /* confdefs.h */
| #define PACKAGE_NAME "can-utils"
| #define PACKAGE_TARNAME "can-utils"
| #define PACKAGE_VERSION "trunk"
| #define PACKAGE_STRING "can-utils trunk"
| #define PACKAGE_BUGREPORT "socketcan-core@lists.berlios.de"
| #define PACKAGE_URL ""
| #define STDC_HEADERS 1
| #define HAVE_SYS_TYPES_H 1
| #define HAVE_SYS_STAT_H 1
| #define HAVE_STDLIB_H 1
| #define HAVE_STRING_H 1
| #define HAVE_MEMORY_H 1
| #define HAVE_STRINGS_H 1
| #define HAVE_INTTYPES_H 1
| #define HAVE_STDINT_H 1
| #define HAVE_UNISTD_H 1
| #define HAVE_DLFCN_H 1
| #define LT_OBJDIR ".libs/"
| #define PACKAGE "can-utils"
| #define VERSION "trunk"
| #define HAVE_FCNTL_H 1
| #define HAVE_LIMITS_H 1
| #define HAVE_LOCALE_H 1
| #define HAVE_STDINT_H 1
| #define HAVE_STDLIB_H 1
| #define HAVE_STRING_H 1
| #define HAVE_SYSLOG_H 1
| #define HAVE_TERMIOS_H 1
| #define HAVE_UNISTD_H 1
| #define HAVE_NETINET_IN_H 1
| #define HAVE_SYS_IOCTL_H 1
| #define HAVE_SYS_SOCKET_H 1
| #define HAVE_SYS_TIME_H 1
| /* end confdefs.h.  */
| #include <stdio.h>
| #ifdef HAVE_SYS_TYPES_H
| # include <sys/types.h>
| #endif
| #ifdef HAVE_SYS_STAT_H
| # include <sys/stat.h>
| #endif
| #ifdef STDC_HEADERS
| # include <stdlib.h>
| # include <stddef.h>
| #else
| # ifdef HAVE_STDLIB_H
| #  include <stdlib.h>
| # endif
| #endif
| #ifdef HAVE_STRING_H
| # if !defined STDC_HEADERS && defined HAVE_MEMORY_H
| #  include <memory.h>
| # endif
| # include <string.h>
| #endif
| #ifdef HAVE_STRINGS_H
| # include <strings.h>
| #endif
| #ifdef HAVE_INTTYPES_H
| # include <inttypes.h>
| #endif
| #ifdef HAVE_STDINT_H
| # include <stdint.h>
| #endif
| #ifdef HAVE_UNISTD_H
| # include <unistd.h>
| #endif
| #include <vfork.h>
configure:12035: result: no
configure:12035: checking vfork.h presence
configure:12035: gcc -E  conftest.c
conftest.c:36:19: fatal error: vfork.h: No such file or directory
 #include <vfork.h>
                   ^
compilation terminated.
configure:12035: $? = 1
configure: failed program was:
| /* confdefs.h */
| #define PACKAGE_NAME "can-utils"
| #define PACKAGE_TARNAME "can-utils"
| #define PACKAGE_VERSION "trunk"
| #define PACKAGE_STRING "can-utils trunk"
| #define PACKAGE_BUGREPORT "socketcan-core@lists.berlios.de"
| #define PACKAGE_URL ""
| #define STDC_HEADERS 1
| #define HAVE_SYS_TYPES_H 1
| #define HAVE_SYS_STAT_H 1
| #define HAVE_STDLIB_H 1
| #define HAVE_STRING_H 1
| #define HAVE_MEMORY_H 1
| #define HAVE_STRINGS_H 1
| #define HAVE_INTTYPES_H 1
| #define HAVE_STDINT_H 1
| #define HAVE_UNISTD_H 1
| #define HAVE_DLFCN_H 1
| #define LT_OBJDIR ".libs/"
| #define PACKAGE "can-utils"
| #define VERSION "trunk"
| #define HAVE_FCNTL_H 1
| #define HAVE_LIMITS_H 1
| #define HAVE_LOCALE_H 1
| #define HAVE_STDINT_H 1
| #define HAVE_STDLIB_H 1
| #define HAVE_STRING_H 1
| #define HAVE_SYSLOG_H 1
| #define HAVE_TERMIOS_H 1
| #define HAVE_UNISTD_H 1
| #define HAVE_NETINET_IN_H 1
| #define HAVE_SYS_IOCTL_H 1
| #define HAVE_SYS_SOCKET_H 1
| #define HAVE_SYS_TIME_H 1
| /* end confdefs.h.  */
| #include <vfork.h>
configure:12035: result: no
configure:12035: checking for vfork.h
configure:12035: result: no
configure:12048: checking for fork
configure:12048: gcc -o conftest  -Wall   conftest.c  >&5
conftest.c:59:6: warning: conflicting types for built-in function 'fork'
 char fork ();
      ^
configure:12048: $? = 0
configure:12048: result: yes
configure:12048: checking for vfork
configure:12048: gcc -o conftest  -Wall   conftest.c  >&5
configure:12048: $? = 0
configure:12048: result: yes
configure:12058: checking for working fork
configure:12080: gcc -o conftest  -Wall   conftest.c  >&5
configure:12080: $? = 0
configure:12080: ./conftest
configure:12080: $? = 0
configure:12090: result: yes
configure:12111: checking for working vfork
configure:12221: result: yes
configure:12246: checking whether time.h and sys/time.h may both be included
configure:12266: gcc -c  -Wall  conftest.c >&5
configure:12266: $? = 0
configure:12273: result: yes
configure:12287: checking for sys/time.h
configure:12287: result: yes
configure:12287: checking for unistd.h
configure:12287: result: yes
configure:12308: checking for alarm
configure:12308: gcc -o conftest  -Wall   conftest.c  >&5
configure:12308: $? = 0
configure:12308: result: yes
configure:12321: checking for working mktime
configure:12523: gcc -o conftest  -Wall   conftest.c  >&5
configure:12523: $? = 0
configure:12523: ./conftest
configure:12523: $? = 0
configure:12533: result: yes
configure:12559: checking for alarm
configure:12559: result: yes
configure:12559: checking for gettimeofday
configure:12559: gcc -o conftest  -Wall   conftest.c  >&5
configure:12559: $? = 0
configure:12559: result: yes
configure:12559: checking for localtime_r
configure:12559: gcc -o conftest  -Wall   conftest.c  >&5
configure:12559: $? = 0
configure:12559: result: yes
configure:12559: checking for memset
configure:12559: gcc -o conftest  -Wall   conftest.c  >&5
conftest.c:70:6: warning: conflicting types for built-in function 'memset'
 char memset ();
      ^
configure:12559: $? = 0
configure:12559: result: yes
configure:12559: checking for select
configure:12559: gcc -o conftest  -Wall   conftest.c  >&5
configure:12559: $? = 0
configure:12559: result: yes
configure:12559: checking for setlocale
configure:12559: gcc -o conftest  -Wall   conftest.c  >&5
configure:12559: $? = 0
configure:12559: result: yes
configure:12559: checking for socket
configure:12559: gcc -o conftest  -Wall   conftest.c  >&5
configure:12559: $? = 0
configure:12559: result: yes
configure:12559: checking for strchr
configure:12559: gcc -o conftest  -Wall   conftest.c  >&5
conftest.c:74:6: warning: conflicting types for built-in function 'strchr'
 char strchr ();
      ^
configure:12559: $? = 0
configure:12559: result: yes
configure:12559: checking for strerror
configure:12559: gcc -o conftest  -Wall   conftest.c  >&5
configure:12559: $? = 0
configure:12559: result: yes
configure:12559: checking for strstr
configure:12559: gcc -o conftest  -Wall   conftest.c  >&5
conftest.c:76:6: warning: conflicting types for built-in function 'strstr'
 char strstr ();
      ^
configure:12559: $? = 0
configure:12559: result: yes
configure:12559: checking for strtoul
configure:12559: gcc -o conftest  -Wall   conftest.c  >&5
configure:12559: $? = 0
configure:12559: result: yes
configure:12570: checking whether SO_RXQ_OVFL is declared
configure:12570: gcc -c  -Wall  conftest.c >&5
conftest.c: In function 'main':
conftest.c:95:10: error: 'SO_RXQ_OVFL' undeclared (first use in this function)
   (void) SO_RXQ_OVFL;
          ^
conftest.c:95:10: note: each undeclared identifier is reported only once for each function it appears in
configure:12570: $? = 1
configure: failed program was:
| /* confdefs.h */
| #define PACKAGE_NAME "can-utils"
| #define PACKAGE_TARNAME "can-utils"
| #define PACKAGE_VERSION "trunk"
| #define PACKAGE_STRING "can-utils trunk"
| #define PACKAGE_BUGREPORT "socketcan-core@lists.berlios.de"
| #define PACKAGE_URL ""
| #define STDC_HEADERS 1
| #define HAVE_SYS_TYPES_H 1
| #define HAVE_SYS_STAT_H 1
| #define HAVE_STDLIB_H 1
| #define HAVE_STRING_H 1
| #define HAVE_MEMORY_H 1
| #define HAVE_STRINGS_H 1
| #define HAVE_INTTYPES_H 1
| #define HAVE_STDINT_H 1
| #define HAVE_UNISTD_H 1
| #define HAVE_DLFCN_H 1
| #define LT_OBJDIR ".libs/"
| #define PACKAGE "can-utils"
| #define VERSION "trunk"
| #define HAVE_FCNTL_H 1
| #define HAVE_LIMITS_H 1
| #define HAVE_LOCALE_H 1
| #define HAVE_STDINT_H 1
| #define HAVE_STDLIB_H 1
| #define HAVE_STRING_H 1
| #define HAVE_SYSLOG_H 1
| #define HAVE_TERMIOS_H 1
| #define HAVE_UNISTD_H 1
| #define HAVE_NETINET_IN_H 1
| #define HAVE_SYS_IOCTL_H 1
| #define HAVE_SYS_SOCKET_H 1
| #define HAVE_SYS_TIME_H 1
| #define HAVE_FORK 1
| #define HAVE_VFORK 1
| #define HAVE_WORKING_VFORK 1
| #define HAVE_WORKING_FORK 1
| #define TIME_WITH_SYS_TIME 1
| #define HAVE_SYS_TIME_H 1
| #define HAVE_UNISTD_H 1
| #define HAVE_ALARM 1
| #define HAVE_ALARM 1
| #define HAVE_GETTIMEOFDAY 1
| #define HAVE_LOCALTIME_R 1
| #define HAVE_MEMSET 1
| #define HAVE_SELECT 1
| #define HAVE_SETLOCALE 1
| #define HAVE_SOCKET 1
| #define HAVE_STRCHR 1
| #define HAVE_STRERROR 1
| #define HAVE_STRSTR 1
| #define HAVE_STRTOUL 1
| /* end confdefs.h.  */
| #include <stdio.h>
| #ifdef HAVE_SYS_TYPES_H
| # include <sys/types.h>
| #endif
| #ifdef HAVE_SYS_STAT_H
| # include <sys/stat.h>
| #endif
| #ifdef STDC_HEADERS
| # include <stdlib.h>
| # include <stddef.h>
| #else
| # ifdef HAVE_STDLIB_H
| #  include <stdlib.h>
| # endif
| #endif
| #ifdef HAVE_STRING_H
| # if !defined STDC_HEADERS && defined HAVE_MEMORY_H
| #  include <memory.h>
| # endif
| # include <string.h>
| #endif
| #ifdef HAVE_STRINGS_H
| # include <strings.h>
| #endif
| #ifdef HAVE_INTTYPES_H
| # include <inttypes.h>
| #endif
| #ifdef HAVE_STDINT_H
| # include <stdint.h>
| #endif
| #ifdef HAVE_UNISTD_H
| # include <unistd.h>
| #endif
| int
| main ()
| {
| #ifndef SO_RXQ_OVFL
| #ifdef __cplusplus
|   (void) SO_RXQ_OVFL;
| #else
|   (void) SO_RXQ_OVFL;
| #endif
| #endif
| 
|   ;
|   return 0;
| }
configure:12570: result: no
configure:12580: checking whether PF_CAN is declared
configure:12580: gcc -c  -Wall  conftest.c >&5
conftest.c: In function 'main':
conftest.c:96:10: error: 'PF_CAN' undeclared (first use in this function)
   (void) PF_CAN;
          ^
conftest.c:96:10: note: each undeclared identifier is reported only once for each function it appears in
configure:12580: $? = 1
configure: failed program was:
| /* confdefs.h */
| #define PACKAGE_NAME "can-utils"
| #define PACKAGE_TARNAME "can-utils"
| #define PACKAGE_VERSION "trunk"
| #define PACKAGE_STRING "can-utils trunk"
| #define PACKAGE_BUGREPORT "socketcan-core@lists.berlios.de"
| #define PACKAGE_URL ""
| #define STDC_HEADERS 1
| #define HAVE_SYS_TYPES_H 1
| #define HAVE_SYS_STAT_H 1
| #define HAVE_STDLIB_H 1
| #define HAVE_STRING_H 1
| #define HAVE_MEMORY_H 1
| #define HAVE_STRINGS_H 1
| #define HAVE_INTTYPES_H 1
| #define HAVE_STDINT_H 1
| #define HAVE_UNISTD_H 1
| #define HAVE_DLFCN_H 1
| #define LT_OBJDIR ".libs/"
| #define PACKAGE "can-utils"
| #define VERSION "trunk"
| #define HAVE_FCNTL_H 1
| #define HAVE_LIMITS_H 1
| #define HAVE_LOCALE_H 1
| #define HAVE_STDINT_H 1
| #define HAVE_STDLIB_H 1
| #define HAVE_STRING_H 1
| #define HAVE_SYSLOG_H 1
| #define HAVE_TERMIOS_H 1
| #define HAVE_UNISTD_H 1
| #define HAVE_NETINET_IN_H 1
| #define HAVE_SYS_IOCTL_H 1
| #define HAVE_SYS_SOCKET_H 1
| #define HAVE_SYS_TIME_H 1
| #define HAVE_FORK 1
| #define HAVE_VFORK 1
| #define HAVE_WORKING_VFORK 1
| #define HAVE_WORKING_FORK 1
| #define TIME_WITH_SYS_TIME 1
| #define HAVE_SYS_TIME_H 1
| #define HAVE_UNISTD_H 1
| #define HAVE_ALARM 1
| #define HAVE_ALARM 1
| #define HAVE_GETTIMEOFDAY 1
| #define HAVE_LOCALTIME_R 1
| #define HAVE_MEMSET 1
| #define HAVE_SELECT 1
| #define HAVE_SETLOCALE 1
| #define HAVE_SOCKET 1
| #define HAVE_STRCHR 1
| #define HAVE_STRERROR 1
| #define HAVE_STRSTR 1
| #define HAVE_STRTOUL 1
| #define SO_RXQ_OVFL 40
| /* end confdefs.h.  */
| #include <stdio.h>
| #ifdef HAVE_SYS_TYPES_H
| # include <sys/types.h>
| #endif
| #ifdef HAVE_SYS_STAT_H
| # include <sys/stat.h>
| #endif
| #ifdef STDC_HEADERS
| # include <stdlib.h>
| # include <stddef.h>
| #else
| # ifdef HAVE_STDLIB_H
| #  include <stdlib.h>
| # endif
| #endif
| #ifdef HAVE_STRING_H
| # if !defined STDC_HEADERS && defined HAVE_MEMORY_H
| #  include <memory.h>
| # endif
| # include <string.h>
| #endif
| #ifdef HAVE_STRINGS_H
| # include <strings.h>
| #endif
| #ifdef HAVE_INTTYPES_H
| # include <inttypes.h>
| #endif
| #ifdef HAVE_STDINT_H
| # include <stdint.h>
| #endif
| #ifdef HAVE_UNISTD_H
| # include <unistd.h>
| #endif
| int
| main ()
| {
| #ifndef PF_CAN
| #ifdef __cplusplus
|   (void) PF_CAN;
| #else
|   (void) PF_CAN;
| #endif
| #endif
| 
|   ;
|   return 0;
| }
configure:12580: result: no
configure:12590: checking whether AF_CAN is declared
configure:12590: gcc -c  -Wall  conftest.c >&5
conftest.c: In function 'main':
conftest.c:97:10: error: 'AF_CAN' undeclared (first use in this function)
   (void) AF_CAN;
          ^
conftest.c:97:10: note: each undeclared identifier is reported only once for each function it appears in
configure:12590: $? = 1
configure: failed program was:
| /* confdefs.h */
| #define PACKAGE_NAME "can-utils"
| #define PACKAGE_TARNAME "can-utils"
| #define PACKAGE_VERSION "trunk"
| #define PACKAGE_STRING "can-utils trunk"
| #define PACKAGE_BUGREPORT "socketcan-core@lists.berlios.de"
| #define PACKAGE_URL ""
| #define STDC_HEADERS 1
| #define HAVE_SYS_TYPES_H 1
| #define HAVE_SYS_STAT_H 1
| #define HAVE_STDLIB_H 1
| #define HAVE_STRING_H 1
| #define HAVE_MEMORY_H 1
| #define HAVE_STRINGS_H 1
| #define HAVE_INTTYPES_H 1
| #define HAVE_STDINT_H 1
| #define HAVE_UNISTD_H 1
| #define HAVE_DLFCN_H 1
| #define LT_OBJDIR ".libs/"
| #define PACKAGE "can-utils"
| #define VERSION "trunk"
| #define HAVE_FCNTL_H 1
| #define HAVE_LIMITS_H 1
| #define HAVE_LOCALE_H 1
| #define HAVE_STDINT_H 1
| #define HAVE_STDLIB_H 1
| #define HAVE_STRING_H 1
| #define HAVE_SYSLOG_H 1
| #define HAVE_TERMIOS_H 1
| #define HAVE_UNISTD_H 1
| #define HAVE_NETINET_IN_H 1
| #define HAVE_SYS_IOCTL_H 1
| #define HAVE_SYS_SOCKET_H 1
| #define HAVE_SYS_TIME_H 1
| #define HAVE_FORK 1
| #define HAVE_VFORK 1
| #define HAVE_WORKING_VFORK 1
| #define HAVE_WORKING_FORK 1
| #define TIME_WITH_SYS_TIME 1
| #define HAVE_SYS_TIME_H 1
| #define HAVE_UNISTD_H 1
| #define HAVE_ALARM 1
| #define HAVE_ALARM 1
| #define HAVE_GETTIMEOFDAY 1
| #define HAVE_LOCALTIME_R 1
| #define HAVE_MEMSET 1
| #define HAVE_SELECT 1
| #define HAVE_SETLOCALE 1
| #define HAVE_SOCKET 1
| #define HAVE_STRCHR 1
| #define HAVE_STRERROR 1
| #define HAVE_STRSTR 1
| #define HAVE_STRTOUL 1
| #define SO_RXQ_OVFL 40
| #define PF_CAN 29
| /* end confdefs.h.  */
| #include <stdio.h>
| #ifdef HAVE_SYS_TYPES_H
| # include <sys/types.h>
| #endif
| #ifdef HAVE_SYS_STAT_H
| # include <sys/stat.h>
| #endif
| #ifdef STDC_HEADERS
| # include <stdlib.h>
| # include <stddef.h>
| #else
| # ifdef HAVE_STDLIB_H
| #  include <stdlib.h>
| # endif
| #endif
| #ifdef HAVE_STRING_H
| # if !defined STDC_HEADERS && defined HAVE_MEMORY_H
| #  include <memory.h>
| # endif
| # include <string.h>
| #endif
| #ifdef HAVE_STRINGS_H
| # include <strings.h>
| #endif
| #ifdef HAVE_INTTYPES_H
| # include <inttypes.h>
| #endif
| #ifdef HAVE_STDINT_H
| # include <stdint.h>
| #endif
| #ifdef HAVE_UNISTD_H
| # include <unistd.h>
| #endif
| int
| main ()
| {
| #ifndef AF_CAN
| #ifdef __cplusplus
|   (void) AF_CAN;
| #else
|   (void) AF_CAN;
| #endif
| #endif
| 
|   ;
|   return 0;
| }
configure:12590: result: no
configure:12605: checking whether to enable debugging
configure:12617: result: no
configure:12776: checking that generated files are newer than configure
configure:12782: result: done
configure:12805: creating ./config.status

## ---------------------- ##
## Running config.status. ##
## ---------------------- ##

This file was extended by can-utils config.status trunk, which was
generated by GNU Autoconf 2.69.  Invocation command line was

  CONFIG_FILES    = 
  CONFIG_HEADERS  = 
  CONFIG_LINKS    = 
  CONFIG_COMMANDS = 
  $ ./config.status 

on raspberrypi

config.status:1009: creating GNUmakefile
config.status:1181: executing libtool commands
config.status:1181: executing depfiles commands

## ---------------- ##
## Cache variables. ##
## ---------------- ##

ac_cv_build=armv7l-unknown-linux-gnueabihf
ac_cv_c_compiler_gnu=yes
ac_cv_c_inline=inline
ac_cv_c_uint64_t=yes
ac_cv_env_CC_set=
ac_cv_env_CC_value=
ac_cv_env_CFLAGS_set=
ac_cv_env_CFLAGS_value=
ac_cv_env_CPPFLAGS_set=
ac_cv_env_CPPFLAGS_value=
ac_cv_env_CPP_set=
ac_cv_env_CPP_value=
ac_cv_env_LDFLAGS_set=
ac_cv_env_LDFLAGS_value=
ac_cv_env_LIBS_set=
ac_cv_env_LIBS_value=
ac_cv_env_build_alias_set=
ac_cv_env_build_alias_value=
ac_cv_env_host_alias_set=
ac_cv_env_host_alias_value=
ac_cv_env_target_alias_set=
ac_cv_env_target_alias_value=
ac_cv_func_alarm=yes
ac_cv_func_fork=yes
ac_cv_func_fork_works=yes
ac_cv_func_gettimeofday=yes
ac_cv_func_localtime_r=yes
ac_cv_func_memset=yes
ac_cv_func_select=yes
ac_cv_func_setlocale=yes
ac_cv_func_socket=yes
ac_cv_func_strchr=yes
ac_cv_func_strerror=yes
ac_cv_func_strstr=yes
ac_cv_func_strtoul=yes
ac_cv_func_vfork=yes
ac_cv_func_vfork_works=yes
ac_cv_func_working_mktime=yes
ac_cv_have_decl_AF_CAN=no
ac_cv_have_decl_PF_CAN=no
ac_cv_have_decl_SO_RXQ_OVFL=no
ac_cv_header_dlfcn_h=yes
ac_cv_header_fcntl_h=yes
ac_cv_header_inttypes_h=yes
ac_cv_header_limits_h=yes
ac_cv_header_locale_h=yes
ac_cv_header_memory_h=yes
ac_cv_header_netinet_in_h=yes
ac_cv_header_stdc=yes
ac_cv_header_stdint_h=yes
ac_cv_header_stdlib_h=yes
ac_cv_header_string_h=yes
ac_cv_header_strings_h=yes
ac_cv_header_sys_ioctl_h=yes
ac_cv_header_sys_socket_h=yes
ac_cv_header_sys_stat_h=yes
ac_cv_header_sys_time_h=yes
ac_cv_header_sys_types_h=yes
ac_cv_header_syslog_h=yes
ac_cv_header_termios_h=yes
ac_cv_header_time=yes
ac_cv_header_unistd_h=yes
ac_cv_header_vfork_h=no
ac_cv_host=armv7l-unknown-linux-gnueabihf
ac_cv_objext=o
ac_cv_path_EGREP='/bin/grep -E'
ac_cv_path_FGREP='/bin/grep -F'
ac_cv_path_GREP=/bin/grep
ac_cv_path_SED=/bin/sed
ac_cv_path_install='/usr/bin/install -c'
ac_cv_path_mkdir=/bin/mkdir
ac_cv_prog_AWK=mawk
ac_cv_prog_CPP='gcc -E'
ac_cv_prog_ac_ct_AR=ar
ac_cv_prog_ac_ct_CC=gcc
ac_cv_prog_ac_ct_DLLTOOL=dlltool
ac_cv_prog_ac_ct_MANIFEST_TOOL=mt
ac_cv_prog_ac_ct_OBJDUMP=objdump
ac_cv_prog_ac_ct_RANLIB=ranlib
ac_cv_prog_ac_ct_STRIP=strip
ac_cv_prog_cc_c89=
ac_cv_prog_cc_g=yes
ac_cv_prog_make_make_set=yes
ac_cv_type_pid_t=yes
am_cv_CC_dependencies_compiler_type=gcc3
am_cv_make_support_nested_variables=yes
am_cv_prog_cc_c_o=yes
lt_cv_ar_at_file=@
lt_cv_archive_cmds_need_lc=no
lt_cv_deplibs_check_method=pass_all
lt_cv_file_magic_cmd='$MAGIC_CMD'
lt_cv_file_magic_test_file=
lt_cv_ld_reload_flag=-r
lt_cv_nm_interface='BSD nm'
lt_cv_objdir=.libs
lt_cv_path_LD=/usr/bin/ld
lt_cv_path_NM='/usr/bin/nm -B'
lt_cv_path_mainfest_tool=no
lt_cv_prog_compiler_c_o=yes
lt_cv_prog_compiler_pic='-fPIC -DPIC'
lt_cv_prog_compiler_pic_works=yes
lt_cv_prog_compiler_rtti_exceptions=no
lt_cv_prog_compiler_static_works=yes
lt_cv_prog_gnu_ld=yes
lt_cv_sharedlib_from_linklib_cmd='printf %s\n'
lt_cv_shlibpath_overrides_runpath=no
lt_cv_sys_global_symbol_pipe='sed -n -e '\''s/^.*[	 ]\([ABCDGIRSTW][ABCDGIRSTW]*\)[	 ][	 ]*\([_A-Za-z][_A-Za-z0-9]*\)$/\1 \2 \2/p'\'' | sed '\''/ __gnu_lto/d'\'''
lt_cv_sys_global_symbol_to_c_name_address='sed -n -e '\''s/^: \([^ ]*\)[ ]*$/  {\"\1\", (void *) 0},/p'\'' -e '\''s/^[ABCDGIRSTW]* \([^ ]*\) \([^ ]*\)$/  {"\2", (void *) \&\2},/p'\'''
lt_cv_sys_global_symbol_to_c_name_address_lib_prefix='sed -n -e '\''s/^: \([^ ]*\)[ ]*$/  {\"\1\", (void *) 0},/p'\'' -e '\''s/^[ABCDGIRSTW]* \([^ ]*\) \(lib[^ ]*\)$/  {"\2", (void *) \&\2},/p'\'' -e '\''s/^[ABCDGIRSTW]* \([^ ]*\) \([^ ]*\)$/  {"lib\2", (void *) \&\2},/p'\'''
lt_cv_sys_global_symbol_to_cdecl='sed -n -e '\''s/^T .* \(.*\)$/extern int \1();/p'\'' -e '\''s/^[ABCDGIRSTW]* .* \(.*\)$/extern char \1;/p'\'''
lt_cv_sys_max_cmd_len=1572864
lt_cv_to_host_file_cmd=func_convert_file_noop
lt_cv_to_tool_file_cmd=func_convert_file_noop

## ----------------- ##
## Output variables. ##
## ----------------- ##

ACLOCAL='${SHELL} /home/pi/linux-can-utils/config/autoconf/missing aclocal-1.14'
AMDEPBACKSLASH='\'
AMDEP_FALSE='#'
AMDEP_TRUE=''
AMTAR='$${TAR-tar}'
AM_BACKSLASH='\'
AM_DEFAULT_V='$(AM_DEFAULT_VERBOSITY)'
AM_DEFAULT_VERBOSITY='1'
AM_V='$(V)'
AR='ar'
AS='as'
AUTOCONF='${SHELL} /home/pi/linux-can-utils/config/autoconf/missing autoconf'
AUTOHEADER='${SHELL} /home/pi/linux-can-utils/config/autoconf/missing autoheader'
AUTOMAKE='${SHELL} /home/pi/linux-can-utils/config/autoconf/missing automake-1.14'
AWK='mawk'
CC='gcc'
CCDEPMODE='depmode=gcc3'
CFLAGS=' -Wall -O2'
CPP='gcc -E'
CPPFLAGS=''
CYGPATH_W='echo'
DEFS='-DPACKAGE_NAME=\"can-utils\" -DPACKAGE_TARNAME=\"can-utils\" -DPACKAGE_VERSION=\"trunk\" -DPACKAGE_STRING=\"can-utils\ trunk\" -DPACKAGE_BUGREPORT=\"socketcan-core@lists.berlios.de\" -DPACKAGE_URL=\"\" -DSTDC_HEADERS=1 -DHAVE_SYS_TYPES_H=1 -DHAVE_SYS_STAT_H=1 -DHAVE_STDLIB_H=1 -DHAVE_STRING_H=1 -DHAVE_MEMORY_H=1 -DHAVE_STRINGS_H=1 -DHAVE_INTTYPES_H=1 -DHAVE_STDINT_H=1 -DHAVE_UNISTD_H=1 -DHAVE_DLFCN_H=1 -DLT_OBJDIR=\".libs/\" -DPACKAGE=\"can-utils\" -DVERSION=\"trunk\" -DHAVE_FCNTL_H=1 -DHAVE_LIMITS_H=1 -DHAVE_LOCALE_H=1 -DHAVE_STDINT_H=1 -DHAVE_STDLIB_H=1 -DHAVE_STRING_H=1 -DHAVE_SYSLOG_H=1 -DHAVE_TERMIOS_H=1 -DHAVE_UNISTD_H=1 -DHAVE_NETINET_IN_H=1 -DHAVE_SYS_IOCTL_H=1 -DHAVE_SYS_SOCKET_H=1 -DHAVE_SYS_TIME_H=1 -DHAVE_FORK=1 -DHAVE_VFORK=1 -DHAVE_WORKING_VFORK=1 -DHAVE_WORKING_FORK=1 -DTIME_WITH_SYS_TIME=1 -DHAVE_SYS_TIME_H=1 -DHAVE_UNISTD_H=1 -DHAVE_ALARM=1 -DHAVE_ALARM=1 -DHAVE_GETTIMEOFDAY=1 -DHAVE_LOCALTIME_R=1 -DHAVE_MEMSET=1 -DHAVE_SELECT=1 -DHAVE_SETLOCALE=1 -DHAVE_SOCKET=1 -DHAVE_STRCHR=1 -DHAVE_STRERROR=1 -DHAVE_STRSTR=1 -DHAVE_STRTOUL=1 -DSO_RXQ_OVFL=40 -DPF_CAN=29 -DAF_CAN=PF_CAN'
DEPDIR='.deps'
DLLTOOL='dlltool'
DSYMUTIL=''
DUMPBIN=''
ECHO_C=''
ECHO_N='-n'
ECHO_T=''
EGREP='/bin/grep -E'
EXEEXT=''
FGREP='/bin/grep -F'
GREP='/bin/grep'
INSTALL_DATA='${INSTALL} -m 644'
INSTALL_PROGRAM='${INSTALL}'
INSTALL_SCRIPT='${INSTALL}'
INSTALL_STRIP_PROGRAM='$(install_sh) -c -s'
LD='/usr/bin/ld'
LDFLAGS=''
LIBOBJS=''
LIBS=''
LIBTOOL='$(SHELL) $(top_builddir)/libtool'
LIPO=''
LN_S='ln -s'
LTLIBOBJS=''
MAKEINFO='${SHELL} /home/pi/linux-can-utils/config/autoconf/missing makeinfo'
MANIFEST_TOOL=':'
MKDIR_P='/bin/mkdir -p'
NM='/usr/bin/nm -B'
NMEDIT=''
OBJDUMP='objdump'
OBJEXT='o'
OTOOL64=''
OTOOL=''
PACKAGE='can-utils'
PACKAGE_BUGREPORT='socketcan-core@lists.berlios.de'
PACKAGE_NAME='can-utils'
PACKAGE_STRING='can-utils trunk'
PACKAGE_TARNAME='can-utils'
PACKAGE_URL=''
PACKAGE_VERSION='trunk'
PATH_SEPARATOR=':'
RANLIB='ranlib'
SED='/bin/sed'
SET_MAKE=''
SHELL='/bin/bash'
STRIP='strip'
VERSION='trunk'
ac_ct_AR='ar'
ac_ct_CC='gcc'
ac_ct_DUMPBIN=''
am__EXEEXT_FALSE=''
am__EXEEXT_TRUE='#'
am__fastdepCC_FALSE='#'
am__fastdepCC_TRUE=''
am__include='include'
am__isrc=''
am__leading_dot='.'
am__nodep='_no'
am__quote=''
am__tar='$${TAR-tar} chof - "$$tardir"'
am__untar='$${TAR-tar} xf -'
bindir='${exec_prefix}/bin'
build='armv7l-unknown-linux-gnueabihf'
build_alias=''
build_cpu='armv7l'
build_os='linux-gnueabihf'
build_vendor='unknown'
datadir='${datarootdir}'
datarootdir='${prefix}/share'
docdir='${datarootdir}/doc/${PACKAGE_TARNAME}'
dvidir='${docdir}'
exec_prefix='${prefix}'
host='armv7l-unknown-linux-gnueabihf'
host_alias=''
host_cpu='armv7l'
host_os='linux-gnueabihf'
host_vendor='unknown'
htmldir='${docdir}'
includedir='${prefix}/include'
infodir='${datarootdir}/info'
install_sh='${SHELL} /home/pi/linux-can-utils/config/autoconf/install-sh'
libdir='${exec_prefix}/lib'
libexecdir='${exec_prefix}/libexec'
localedir='${datarootdir}/locale'
localstatedir='${prefix}/var'
mandir='${datarootdir}/man'
mkdir_p='$(MKDIR_P)'
oldincludedir='/usr/include'
pdfdir='${docdir}'
prefix='/usr/local'
program_transform_name='s,x,x,'
psdir='${docdir}'
sbindir='${exec_prefix}/sbin'
sharedstatedir='${prefix}/com'
sysconfdir='${prefix}/etc'
target_alias=''

## ----------- ##
## confdefs.h. ##
## ----------- ##

/* confdefs.h */
#define PACKAGE_NAME "can-utils"
#define PACKAGE_TARNAME "can-utils"
#define PACKAGE_VERSION "trunk"
#define PACKAGE_STRING "can-utils trunk"
#define PACKAGE_BUGREPORT "socketcan-core@lists.berlios.de"
#define PACKAGE_URL ""
#define STDC_HEADERS 1
#define HAVE_SYS_TYPES_H 1
#define HAVE_SYS_STAT_H 1
#define HAVE_STDLIB_H 1
#define HAVE_STRING_H 1
#define HAVE_MEMORY_H 1
#define HAVE_STRINGS_H 1
#define HAVE_INTTYPES_H 1
#define HAVE_STDINT_H 1
#define HAVE_UNISTD_H 1
#define HAVE_DLFCN_H 1
#define LT_OBJDIR ".libs/"
#define PACKAGE "can-utils"
#define VERSION "trunk"
#define HAVE_FCNTL_H 1
#define HAVE_LIMITS_H 1
#define HAVE_LOCALE_H 1
#define HAVE_STDINT_H 1
#define HAVE_STDLIB_H 1
#define HAVE_STRING_H 1
#define HAVE_SYSLOG_H 1
#define HAVE_TERMIOS_H 1
#define HAVE_UNISTD_H 1
#define HAVE_NETINET_IN_H 1
#define HAVE_SYS_IOCTL_H 1
#define HAVE_SYS_SOCKET_H 1
#define HAVE_SYS_TIME_H 1
#define HAVE_FORK 1
#define HAVE_VFORK 1
#define HAVE_WORKING_VFORK 1
#define HAVE_WORKING_FORK 1
#define TIME_WITH_SYS_TIME 1
#define HAVE_SYS_TIME_H 1
#define HAVE_UNISTD_H 1
#define HAVE_ALARM 1
#define HAVE_ALARM 1
#define HAVE_GETTIMEOFDAY 1
#define HAVE_LOCALTIME_R 1
#define HAVE_MEMSET 1
#define HAVE_SELECT 1
#define HAVE_SETLOCALE 1
#define HAVE_SOCKET 1
#define HAVE_STRCHR 1
#define HAVE_STRERROR 1
#define HAVE_STRSTR 1
#define HAVE_STRTOUL 1
#define SO_RXQ_OVFL 40
#define PF_CAN 29
#define AF_CAN PF_CAN

configure: exit 0
